Determining if the pthread_create exist failed with the following output:
Change Dir: /home/hoang/lab3_ws/build/CMakeFiles/CMakeTmp

Run Build Command:/usr/bin/make "cmTryCompileExec781494670/fast"
/usr/bin/make -f CMakeFiles/cmTryCompileExec781494670.dir/build.make CMakeFiles/cmTryCompileExec781494670.dir/build
make[1]: Entering directory `/home/hoang/lab3_ws/build/CMakeFiles/CMakeTmp'
/usr/bin/cmake -E cmake_progress_report /home/hoang/lab3_ws/build/CMakeFiles/CMakeTmp/CMakeFiles 1
Building C object CMakeFiles/cmTryCompileExec781494670.dir/CheckSymbolExists.c.o
/usr/bin/cc    -o CMakeFiles/cmTryCompileExec781494670.dir/CheckSymbolExists.c.o   -c /home/hoang/lab3_ws/build/CMakeFiles/CMakeTmp/CheckSymbolExists.c
Linking C executable cmTryCompileExec781494670
/usr/bin/cmake -E cmake_link_script CMakeFiles/cmTryCompileExec781494670.dir/link.txt --verbose=1
/usr/bin/cc       CMakeFiles/cmTryCompileExec781494670.dir/CheckSymbolExists.c.o  -o cmTryCompileExec781494670 -rdynamic 
CMakeFiles/cmTryCompileExec781494670.dir/CheckSymbolExists.c.o: In function `main':
CheckSymbolExists.c:(.text+0x16): undefined reference to `pthread_create'
collect2: error: ld returned 1 exit status
make[1]: Leaving directory `/home/hoang/lab3_ws/build/CMakeFiles/CMakeTmp'
make[1]: *** [cmTryCompileExec781494670] Error 1
make: *** [cmTryCompileExec781494670/fast] Error 2

File /home/hoang/lab3_ws/build/CMakeFiles/CMakeTmp/CheckSymbolExists.c:
/* */
#include <pthread.h>

int main(int argc, char** argv)
{
  (void)argv;
#ifndef pthread_create
  return ((int*)(&pthread_create))[argc];
#else
  (void)argc;
  return 0;
#endif
}

Determining if the function pthread_create exists in the pthreads failed with the following output:
Change Dir: /home/hoang/lab3_ws/build/CMakeFiles/CMakeTmp

Run Build Command:/usr/bin/make "cmTryCompileExec1661394445/fast"
/usr/bin/make -f CMakeFiles/cmTryCompileExec1661394445.dir/build.make CMakeFiles/cmTryCompileExec1661394445.dir/build
make[1]: Entering directory `/home/hoang/lab3_ws/build/CMakeFiles/CMakeTmp'
/usr/bin/cmake -E cmake_progress_report /home/hoang/lab3_ws/build/CMakeFiles/CMakeTmp/CMakeFiles 1
Building C object CMakeFiles/cmTryCompileExec1661394445.dir/CheckFunctionExists.c.o
/usr/bin/cc   -DCHECK_FUNCTION_EXISTS=pthread_create   -o CMakeFiles/cmTryCompileExec1661394445.dir/CheckFunctionExists.c.o   -c /usr/share/cmake-2.8/Modules/CheckFunctionExists.c
Linking C executable cmTryCompileExec1661394445
/usr/bin/cmake -E cmake_link_script CMakeFiles/cmTryCompileExec1661394445.dir/link.txt --verbose=1
/usr/bin/cc   -DCHECK_FUNCTION_EXISTS=pthread_create    CMakeFiles/cmTryCompileExec1661394445.dir/CheckFunctionExists.c.o  -o cmTryCompileExec1661394445 -rdynamic -lpthreads 
/usr/bin/ld: cannot find -lpthreads
collect2: error: ld returned 1 exit status
make[1]: *** [cmTryCompileExec1661394445] Error 1
make[1]: Leaving directory `/home/hoang/lab3_ws/build/CMakeFiles/CMakeTmp'
make: *** [cmTryCompileExec1661394445/fast] Error 2


